[Modules] Modules initializing
[Modules] Distribution: remote
[Modules] Host updates: enabled
[Modules] Module updates: enabled
[Modules] Module install path: /home/maximcoppieters/.config/discordcanary/0.0.45/modules
[Modules] Module installed file path: /home/maximcoppieters/.config/discordcanary/0.0.45/modules/installed.json
[Modules] Module download path: /home/maximcoppieters/.config/discordcanary/0.0.45/modules/pending
[Modules] Bootstrapping...
[Modules] Installing discord_desktop_core@1 from /home/maximcoppieters/.local/bin/DiscordCanary/resources/bootstrap/discord_desktop_core.zip
[Modules] Installing discord_erlpack@1 from /home/maximcoppieters/.local/bin/DiscordCanary/resources/bootstrap/discord_erlpack.zip
[Modules] Installing discord_game_utils@1 from /home/maximcoppieters/.local/bin/DiscordCanary/resources/bootstrap/discord_game_utils.zip
[Modules] Installing discord_rpc@1 from /home/maximcoppieters/.local/bin/DiscordCanary/resources/bootstrap/discord_rpc.zip
[Modules] Installing discord_utils@1 from /home/maximcoppieters/.local/bin/DiscordCanary/resources/bootstrap/discord_utils.zip
[Modules] Installing discord_voice@1 from /home/maximcoppieters/.local/bin/DiscordCanary/resources/bootstrap/discord_voice.zip
[Modules] Finished module installations. [success: 6] [failure: 0]
[Modules] Checking for host updates.
[Modules] Host is up to date.
[Modules] Checking for module updates at https://discordapp.com/api/modules/canary/versions.json
[Modules] Module update available: discord_desktop_core@2 [installed: 1]
[Modules] Module update available: discord_erlpack@2 [installed: 1]
[Modules] Module update available: discord_game_utils@2 [installed: 1]
[Modules] Module update available: discord_rpc@2 [installed: 1]
[Modules] Module update available: discord_utils@2 [installed: 1]
[Modules] Module update available: discord_voice@2 [installed: 1]
[Modules] Fetching discord_desktop_core@2 from https://discordapp.com/api/modules/canary/discord_desktop_core/2
[Modules] Streaming discord_desktop_core@2 [1798608 bytes] to /home/maximcoppieters/.config/discordcanary/0.0.45/modules/pending/discord_desktop_core-2.zip
[Modules] Fetching discord_erlpack@2 from https://discordapp.com/api/modules/canary/discord_erlpack/2
[Modules] Streaming discord_erlpack@2 [79596 bytes] to /home/maximcoppieters/.config/discordcanary/0.0.45/modules/pending/discord_erlpack-2.zip
[Modules] Fetching discord_game_utils@2 from https://discordapp.com/api/modules/canary/discord_game_utils/2
[Modules] Streaming discord_game_utils@2 [868757 bytes] to /home/maximcoppieters/.config/discordcanary/0.0.45/modules/pending/discord_game_utils-2.zip
[Modules] Fetching discord_rpc@2 from https://discordapp.com/api/modules/canary/discord_rpc/2
[Modules] Streaming discord_rpc@2 [466586 bytes] to /home/maximcoppieters/.config/discordcanary/0.0.45/modules/pending/discord_rpc-2.zip
[Modules] Fetching discord_utils@2 from https://discordapp.com/api/modules/canary/discord_utils/2
[Modules] Streaming discord_utils@2 [994036 bytes] to /home/maximcoppieters/.config/discordcanary/0.0.45/modules/pending/discord_utils-2.zip
[Modules] Fetching discord_voice@2 from https://discordapp.com/api/modules/canary/discord_voice/2
[Modules] Streaming discord_voice@2 [7974975 bytes] to /home/maximcoppieters/.config/discordcanary/0.0.45/modules/pending/discord_voice-2.zip
[Modules] Finished module downloads. [success: 6] [failure: 0]
[Modules] Relaunching to install module updates...
[Modules] Modules initializing
[Modules] Distribution: remote
[Modules] Host updates: enabled
[Modules] Module updates: enabled
[Modules] Module install path: /home/maximcoppieters/.config/discordcanary/0.0.45/modules
[Modules] Module installed file path: /home/maximcoppieters/.config/discordcanary/0.0.45/modules/installed.json
[Modules] Module download path: /home/maximcoppieters/.config/discordcanary/0.0.45/modules/pending
[Modules] Installing updates...
[Modules] Installing discord_desktop_core@2 from /home/maximcoppieters/.config/discordcanary/0.0.45/modules/pending/discord_desktop_core-2.zip
[Modules] Installing discord_erlpack@2 from /home/maximcoppieters/.config/discordcanary/0.0.45/modules/pending/discord_erlpack-2.zip
[Modules] Installing discord_game_utils@2 from /home/maximcoppieters/.config/discordcanary/0.0.45/modules/pending/discord_game_utils-2.zip
[Modules] Installing discord_rpc@2 from /home/maximcoppieters/.config/discordcanary/0.0.45/modules/pending/discord_rpc-2.zip
[Modules] Installing discord_utils@2 from /home/maximcoppieters/.config/discordcanary/0.0.45/modules/pending/discord_utils-2.zip
[Modules] Installing discord_voice@2 from /home/maximcoppieters/.config/discordcanary/0.0.45/modules/pending/discord_voice-2.zip
[Modules] Finished module installations. [success: 6] [failure: 0]
[Modules] Checking for host updates.
[Modules] Host is up to date.
[Modules] Checking for module updates at https://discordapp.com/api/modules/canary/versions.json
[Modules] No module updates available.
[Modules] Checking for host updates.
[Modules] Host is up to date.
[Modules] Checking for module updates at https://discordapp.com/api/modules/canary/versions.json
[Modules] No module updates available.
[Modules] Checking for host updates.
[Modules] Host is up to date.
[Modules] Checking for module updates at https://discordapp.com/api/modules/canary/versions.json
[Modules] No module updates available.
[Modules] Modules initializing
[Modules] Distribution: remote
[Modules] Host updates: enabled
[Modules] Module updates: enabled
[Modules] Module install path: /home/maximcoppieters/.config/discordcanary/0.0.45/modules
[Modules] Module installed file path: /home/maximcoppieters/.config/discordcanary/0.0.45/modules/installed.json
[Modules] Module download path: /home/maximcoppieters/.config/discordcanary/0.0.45/modules/pending
[Modules] No updates to install
[Modules] Checking for host updates.
[Modules] Host is up to date.
[Modules] Checking for module updates at https://discordapp.com/api/modules/canary/versions.json
[Modules] No module updates available.
[Modules] Modules initializing
[Modules] Distribution: remote
[Modules] Host updates: enabled
[Modules] Module updates: enabled
[Modules] Module install path: /home/maximcoppieters/.config/discordcanary/0.0.45/modules
[Modules] Module installed file path: /home/maximcoppieters/.config/discordcanary/0.0.45/modules/installed.json
[Modules] Module download path: /home/maximcoppieters/.config/discordcanary/0.0.45/modules/pending
[Modules] No updates to install
[Modules] Checking for host updates.
[Modules] Host is up to date.
[Modules] Checking for module updates at https://discordapp.com/api/modules/canary/versions.json
[Modules] No module updates available.
[Modules] Checking for host updates.
[Modules] Host is up to date.
[Modules] Checking for module updates at https://discordapp.com/api/modules/canary/versions.json
[Modules] No module updates available.
[Modules] Starting to install discord_contact_import...
[Modules] Fetching discord_contact_import@2 from https://discordapp.com/api/modules/canary/discord_contact_import/2
[Modules] Streaming discord_contact_import@2 [3994599 bytes] to /home/maximcoppieters/.config/discordcanary/0.0.45/modules/pending/discord_contact_import-2.zip
[Modules] Finished module downloads. [success: 1] [failure: 0]
[Modules] Installing discord_contact_import@2 from /home/maximcoppieters/.config/discordcanary/0.0.45/modules/pending/discord_contact_import-2.zip
[Modules] Finished module installations. [success: 1] [failure: 0]
[Modules] Checking for host updates.
[Modules] Host is up to date.
[Modules] Checking for module updates at https://discordapp.com/api/modules/canary/versions.json
[Modules] No module updates available.
[Modules] Checking for host updates.
[Modules] Host is up to date.
[Modules] Checking for module updates at https://discordapp.com/api/modules/canary/versions.json
[Modules] No module updates available.
[Modules] Checking for host updates.
[Modules] Host is up to date.
[Modules] Checking for module updates at https://discordapp.com/api/modules/canary/versions.json
[Modules] No module updates available.
[Modules] Modules initializing
[Modules] Distribution: remote
[Modules] Host updates: enabled
[Modules] Module updates: enabled
[Modules] Module install path: /home/maximcoppieters/.config/discordcanary/0.0.45/modules
[Modules] Module installed file path: /home/maximcoppieters/.config/discordcanary/0.0.45/modules/installed.json
[Modules] Module download path: /home/maximcoppieters/.config/discordcanary/0.0.45/modules/pending
[Modules] No updates to install
[Modules] Checking for host updates.
[Modules] Host is up to date.
[Modules] Checking for module updates at https://discordapp.com/api/modules/canary/versions.json
[Modules] Module update available: discord_desktop_core@4 [installed: 2]
[Modules] Module update available: discord_erlpack@4 [installed: 2]
[Modules] Module update available: discord_game_utils@4 [installed: 2]
[Modules] Module update available: discord_rpc@4 [installed: 2]
[Modules] Module update available: discord_utils@4 [installed: 2]
[Modules] Module update available: discord_voice@4 [installed: 2]
[Modules] Module update available: discord_contact_import@4 [installed: 2]
[Modules] Fetching discord_desktop_core@4 from https://discordapp.com/api/modules/canary/discord_desktop_core/4
[Modules] Streaming discord_desktop_core@4 [1798664 bytes] to /home/maximcoppieters/.config/discordcanary/0.0.45/modules/pending/discord_desktop_core-4.zip
[Modules] Fetching discord_erlpack@4 from https://discordapp.com/api/modules/canary/discord_erlpack/4
[Modules] Streaming discord_erlpack@4 [79596 bytes] to /home/maximcoppieters/.config/discordcanary/0.0.45/modules/pending/discord_erlpack-4.zip
[Modules] Fetching discord_game_utils@4 from https://discordapp.com/api/modules/canary/discord_game_utils/4
[Modules] Streaming discord_game_utils@4 [868757 bytes] to /home/maximcoppieters/.config/discordcanary/0.0.45/modules/pending/discord_game_utils-4.zip
[Modules] Fetching discord_rpc@4 from https://discordapp.com/api/modules/canary/discord_rpc/4
[Modules] Streaming discord_rpc@4 [466586 bytes] to /home/maximcoppieters/.config/discordcanary/0.0.45/modules/pending/discord_rpc-4.zip
[Modules] Fetching discord_utils@4 from https://discordapp.com/api/modules/canary/discord_utils/4
[Modules] Streaming discord_utils@4 [994036 bytes] to /home/maximcoppieters/.config/discordcanary/0.0.45/modules/pending/discord_utils-4.zip
[Modules] Fetching discord_voice@4 from https://discordapp.com/api/modules/canary/discord_voice/4
[Modules] Streaming discord_voice@4 [7967522 bytes] to /home/maximcoppieters/.config/discordcanary/0.0.45/modules/pending/discord_voice-4.zip
[Modules] Fetching discord_contact_import@4 from https://discordapp.com/api/modules/canary/discord_contact_import/4
[Modules] Streaming discord_contact_import@4 [3994599 bytes] to /home/maximcoppieters/.config/discordcanary/0.0.45/modules/pending/discord_contact_import-4.zip
[Modules] Finished module downloads. [success: 7] [failure: 0]
[Modules] Relaunching to install module updates...
[Modules] Modules initializing
[Modules] Distribution: remote
[Modules] Host updates: enabled
[Modules] Module updates: enabled
[Modules] Module install path: /home/maximcoppieters/.config/discordcanary/0.0.45/modules
[Modules] Module installed file path: /home/maximcoppieters/.config/discordcanary/0.0.45/modules/installed.json
[Modules] Module download path: /home/maximcoppieters/.config/discordcanary/0.0.45/modules/pending
[Modules] Installing updates...
[Modules] Installing discord_desktop_core@4 from /home/maximcoppieters/.config/discordcanary/0.0.45/modules/pending/discord_desktop_core-4.zip
[Modules] Installing discord_erlpack@4 from /home/maximcoppieters/.config/discordcanary/0.0.45/modules/pending/discord_erlpack-4.zip
[Modules] Installing discord_game_utils@4 from /home/maximcoppieters/.config/discordcanary/0.0.45/modules/pending/discord_game_utils-4.zip
[Modules] Installing discord_rpc@4 from /home/maximcoppieters/.config/discordcanary/0.0.45/modules/pending/discord_rpc-4.zip
[Modules] Installing discord_utils@4 from /home/maximcoppieters/.config/discordcanary/0.0.45/modules/pending/discord_utils-4.zip
[Modules] Installing discord_voice@4 from /home/maximcoppieters/.config/discordcanary/0.0.45/modules/pending/discord_voice-4.zip
[Modules] Installing discord_contact_import@4 from /home/maximcoppieters/.config/discordcanary/0.0.45/modules/pending/discord_contact_import-4.zip
[Modules] Finished module installations. [success: 7] [failure: 0]
[Modules] Checking for host updates.
[Modules] Host is up to date.
[Modules] Checking for module updates at https://discordapp.com/api/modules/canary/versions.json
[Modules] No module updates available.
[Modules] Modules initializing
[Modules] Distribution: remote
[Modules] Host updates: enabled
[Modules] Module updates: enabled
[Modules] Module install path: /home/maximcoppieters/.config/discordcanary/0.0.45/modules
[Modules] Module installed file path: /home/maximcoppieters/.config/discordcanary/0.0.45/modules/installed.json
[Modules] Module download path: /home/maximcoppieters/.config/discordcanary/0.0.45/modules/pending
[Modules] No updates to install
[Modules] Checking for host updates.
[Modules] Host is up to date.
[Modules] Checking for module updates at https://discordapp.com/api/modules/canary/versions.json
[Modules] No module updates available.
[Modules] Checking for host updates.
[Modules] Host is up to date.
[Modules] Checking for module updates at https://discordapp.com/api/modules/canary/versions.json
[Modules] No module updates available.
[Modules] Checking for host updates.
[Modules] Host is up to date.
[Modules] Checking for module updates at https://discordapp.com/api/modules/canary/versions.json
[Modules] No module updates available.
[Modules] Checking for host updates.
[Modules] Host is up to date.
[Modules] Checking for module updates at https://discordapp.com/api/modules/canary/versions.json
[Modules] No module updates available.
[Modules] Checking for host updates.
[Modules] Host is up to date.
[Modules] Checking for module updates at https://discordapp.com/api/modules/canary/versions.json
[Modules] No module updates available.
[Modules] Checking for host updates.
[Modules] Host is up to date.
[Modules] Checking for module updates at https://discordapp.com/api/modules/canary/versions.json
[Modules] No module updates available.
[Modules] Checking for host updates.
[Modules] Host is up to date.
[Modules] Checking for module updates at https://discordapp.com/api/modules/canary/versions.json
[Modules] No module updates available.
[Modules] Checking for host updates.
[Modules] Host is up to date.
[Modules] Checking for module updates at https://discordapp.com/api/modules/canary/versions.json
[Modules] No module updates available.
[Modules] Checking for host updates.
[Modules] Host is up to date.
[Modules] Checking for module updates at https://discordapp.com/api/modules/canary/versions.json
[Modules] No module updates available.
[Modules] Checking for host updates.
[Modules] Host is up to date.
[Modules] Checking for module updates at https://discordapp.com/api/modules/canary/versions.json
[Modules] No module updates available.
[Modules] Checking for host updates.
[Modules] Host is up to date.
[Modules] Checking for module updates at https://discordapp.com/api/modules/canary/versions.json
[Modules] No module updates available.
[Modules] Checking for host updates.
[Modules] Host is up to date.
[Modules] Checking for module updates at https://discordapp.com/api/modules/canary/versions.json
[Modules] No module updates available.
[Modules] Checking for host updates.
[Modules] Host is up to date.
[Modules] Checking for module updates at https://discordapp.com/api/modules/canary/versions.json
[Modules] No module updates available.
[Modules] Checking for host updates.
[Modules] Host is up to date.
[Modules] Checking for module updates at https://discordapp.com/api/modules/canary/versions.json
[Modules] No module updates available.
[Modules] Checking for host updates.
[Modules] Host is up to date.
[Modules] Checking for module updates at https://discordapp.com/api/modules/canary/versions.json
[Modules] No module updates available.
[Modules] Checking for host updates.
[Modules] Host is up to date.
[Modules] Checking for module updates at https://discordapp.com/api/modules/canary/versions.json
[Modules] No module updates available.
[Modules] Checking for host updates.
[Modules] Host is up to date.
[Modules] Checking for module updates at https://discordapp.com/api/modules/canary/versions.json
[Modules] No module updates available.
[Modules] Checking for host updates.
[Modules] Host is up to date.
[Modules] Checking for module updates at https://discordapp.com/api/modules/canary/versions.json
[Modules] No module updates available.
[Modules] Checking for host updates.
[Modules] Host is up to date.
[Modules] Checking for module updates at https://discordapp.com/api/modules/canary/versions.json
[Modules] No module updates available.
[Modules] Checking for host updates.
[Modules] Host is up to date.
[Modules] Checking for module updates at https://discordapp.com/api/modules/canary/versions.json
[Modules] No module updates available.
[Modules] Modules initializing
[Modules] Distribution: remote
[Modules] Host updates: enabled
[Modules] Module updates: enabled
[Modules] Module install path: /home/maximcoppieters/.config/discordcanary/0.0.45/modules
[Modules] Module installed file path: /home/maximcoppieters/.config/discordcanary/0.0.45/modules/installed.json
[Modules] Module download path: /home/maximcoppieters/.config/discordcanary/0.0.45/modules/pending
[Modules] No updates to install
[Modules] Checking for host updates.
[Modules] Host is up to date.
[Modules] Checking for module updates at https://discordapp.com/api/modules/canary/versions.json
[Modules] No module updates available.
[Modules] Checking for host updates.
[Modules] Host is up to date.
[Modules] Checking for module updates at https://discordapp.com/api/modules/canary/versions.json
[Modules] No module updates available.
[Modules] Checking for host updates.
[Modules] Host is up to date.
[Modules] Checking for module updates at https://discordapp.com/api/modules/canary/versions.json
[Modules] No module updates available.
[Modules] Checking for host updates.
[Modules] Host is up to date.
[Modules] Checking for module updates at https://discordapp.com/api/modules/canary/versions.json
[Modules] No module updates available.
[Modules] Checking for host updates.
[Modules] Host is up to date.
[Modules] Checking for module updates at https://discordapp.com/api/modules/canary/versions.json
[Modules] No module updates available.
[Modules] Checking for host updates.
[Modules] Host is up to date.
[Modules] Checking for module updates at https://discordapp.com/api/modules/canary/versions.json
[Modules] No module updates available.
[Modules] Checking for host updates.
[Modules] Host is up to date.
[Modules] Checking for module updates at https://discordapp.com/api/modules/canary/versions.json
[Modules] No module updates available.
[Modules] Checking for host updates.
[Modules] Host is up to date.
[Modules] Checking for module updates at https://discordapp.com/api/modules/canary/versions.json
[Modules] No module updates available.
[Modules] Checking for host updates.
[Modules] Host is up to date.
[Modules] Checking for module updates at https://discordapp.com/api/modules/canary/versions.json
[Modules] No module updates available.
[Modules] Checking for host updates.
[Modules] Host is up to date.
[Modules] Checking for module updates at https://discordapp.com/api/modules/canary/versions.json
[Modules] No module updates available.
[Modules] Checking for host updates.
[Modules] Host is up to date.
[Modules] Checking for module updates at https://discordapp.com/api/modules/canary/versions.json
[Modules] No module updates available.
[Modules] Checking for host updates.
[Modules] Host is up to date.
[Modules] Checking for module updates at https://discordapp.com/api/modules/canary/versions.json
[Modules] No module updates available.
[Modules] Checking for host updates.
[Modules] Host is up to date.
[Modules] Checking for module updates at https://discordapp.com/api/modules/canary/versions.json
[Modules] No module updates available.
[Modules] Checking for host updates.
[Modules] Host is up to date.
[Modules] Checking for module updates at https://discordapp.com/api/modules/canary/versions.json
[Modules] No module updates available.
[Modules] Checking for host updates.
[Modules] Host is up to date.
[Modules] Checking for module updates at https://discordapp.com/api/modules/canary/versions.json
[Modules] No module updates available.
[Modules] Checking for host updates.
[Modules] Host is up to date.
[Modules] Checking for module updates at https://discordapp.com/api/modules/canary/versions.json
[Modules] No module updates available.
[Modules] Checking for host updates.
[Modules] Host is up to date.
[Modules] Checking for module updates at https://discordapp.com/api/modules/canary/versions.json
[Modules] No module updates available.
[Modules] Checking for host updates.
[Modules] Host update failed: Error: getaddrinfo EAI_AGAIN discordapp.com:443
[Modules] Checking for host updates.
[Modules] Host update failed: Error: getaddrinfo ENOTFOUND discordapp.com discordapp.com:443
[Modules] Checking for host updates.
[Modules] Host update failed: Error: getaddrinfo ENOTFOUND discordapp.com discordapp.com:443
[Modules] Checking for host updates.
[Modules] Host is up to date.
[Modules] Checking for module updates at https://discordapp.com/api/modules/canary/versions.json
[Modules] No module updates available.
[Modules] Checking for host updates.
[Modules] Host is up to date.
[Modules] Checking for module updates at https://discordapp.com/api/modules/canary/versions.json
[Modules] No module updates available.
[Modules] Checking for host updates.
[Modules] Host is up to date.
[Modules] Checking for module updates at https://discordapp.com/api/modules/canary/versions.json
[Modules] No module updates available.
[Modules] Checking for host updates.
[Modules] Host is up to date.
[Modules] Checking for module updates at https://discordapp.com/api/modules/canary/versions.json
[Modules] No module updates available.
[Modules] Checking for host updates.
[Modules] Host is up to date.
[Modules] Checking for module updates at https://discordapp.com/api/modules/canary/versions.json
[Modules] No module updates available.
[Modules] Checking for host updates.
[Modules] Host is up to date.
[Modules] Checking for module updates at https://discordapp.com/api/modules/canary/versions.json
[Modules] No module updates available.
[Modules] Checking for host updates.
[Modules] Host is up to date.
[Modules] Checking for module updates at https://discordapp.com/api/modules/canary/versions.json
[Modules] Module update available: discord_desktop_core@6 [installed: 4]
[Modules] Module update available: discord_erlpack@6 [installed: 4]
[Modules] Module update available: discord_game_utils@6 [installed: 4]
[Modules] Module update available: discord_rpc@6 [installed: 4]
[Modules] Module update available: discord_utils@6 [installed: 4]
[Modules] Module update available: discord_voice@6 [installed: 4]
[Modules] Module update available: discord_contact_import@6 [installed: 4]
[Modules] Fetching discord_desktop_core@6 from https://discordapp.com/api/modules/canary/discord_desktop_core/6
[Modules] Streaming discord_desktop_core@6 [1798664 bytes] to /home/maximcoppieters/.config/discordcanary/0.0.45/modules/pending/discord_desktop_core-6.zip
[Modules] Fetching discord_erlpack@6 from https://discordapp.com/api/modules/canary/discord_erlpack/6
[Modules] Streaming discord_erlpack@6 [79596 bytes] to /home/maximcoppieters/.config/discordcanary/0.0.45/modules/pending/discord_erlpack-6.zip
[Modules] Fetching discord_game_utils@6 from https://discordapp.com/api/modules/canary/discord_game_utils/6
[Modules] Streaming discord_game_utils@6 [868848 bytes] to /home/maximcoppieters/.config/discordcanary/0.0.45/modules/pending/discord_game_utils-6.zip
[Modules] Fetching discord_rpc@6 from https://discordapp.com/api/modules/canary/discord_rpc/6
[Modules] Streaming discord_rpc@6 [466586 bytes] to /home/maximcoppieters/.config/discordcanary/0.0.45/modules/pending/discord_rpc-6.zip
[Modules] Fetching discord_utils@6 from https://discordapp.com/api/modules/canary/discord_utils/6
[Modules] Streaming discord_utils@6 [997452 bytes] to /home/maximcoppieters/.config/discordcanary/0.0.45/modules/pending/discord_utils-6.zip
[Modules] Fetching discord_voice@6 from https://discordapp.com/api/modules/canary/discord_voice/6
[Modules] Streaming discord_voice@6 [8019961 bytes] to /home/maximcoppieters/.config/discordcanary/0.0.45/modules/pending/discord_voice-6.zip
[Modules] Fetching discord_contact_import@6 from https://discordapp.com/api/modules/canary/discord_contact_import/6
[Modules] Streaming discord_contact_import@6 [3994606 bytes] to /home/maximcoppieters/.config/discordcanary/0.0.45/modules/pending/discord_contact_import-6.zip
[Modules] Finished module downloads. [success: 7] [failure: 0]
[Modules] Modules initializing
[Modules] Distribution: remote
[Modules] Host updates: enabled
[Modules] Module updates: enabled
[Modules] Module install path: /home/maximcoppieters/.config/discordcanary/0.0.45/modules
[Modules] Module installed file path: /home/maximcoppieters/.config/discordcanary/0.0.45/modules/installed.json
[Modules] Module download path: /home/maximcoppieters/.config/discordcanary/0.0.45/modules/pending
[Modules] Installing updates...
[Modules] Installing discord_desktop_core@6 from /home/maximcoppieters/.config/discordcanary/0.0.45/modules/pending/discord_desktop_core-6.zip
[Modules] Installing discord_erlpack@6 from /home/maximcoppieters/.config/discordcanary/0.0.45/modules/pending/discord_erlpack-6.zip
[Modules] Installing discord_game_utils@6 from /home/maximcoppieters/.config/discordcanary/0.0.45/modules/pending/discord_game_utils-6.zip
[Modules] Installing discord_rpc@6 from /home/maximcoppieters/.config/discordcanary/0.0.45/modules/pending/discord_rpc-6.zip
[Modules] Installing discord_utils@6 from /home/maximcoppieters/.config/discordcanary/0.0.45/modules/pending/discord_utils-6.zip
[Modules] Installing discord_voice@6 from /home/maximcoppieters/.config/discordcanary/0.0.45/modules/pending/discord_voice-6.zip
[Modules] Installing discord_contact_import@6 from /home/maximcoppieters/.config/discordcanary/0.0.45/modules/pending/discord_contact_import-6.zip
[Modules] Finished module installations. [success: 7] [failure: 0]
[Modules] Checking for host updates.
[Modules] Host is up to date.
[Modules] Checking for module updates at https://discordapp.com/api/modules/canary/versions.json
[Modules] No module updates available.
[Modules] Checking for host updates.
[Modules] Host is up to date.
[Modules] Checking for module updates at https://discordapp.com/api/modules/canary/versions.json
[Modules] No module updates available.
[Modules] Checking for host updates.
[Modules] Host is up to date.
[Modules] Checking for module updates at https://discordapp.com/api/modules/canary/versions.json
[Modules] No module updates available.
[Modules] Checking for host updates.
[Modules] Host is up to date.
[Modules] Checking for module updates at https://discordapp.com/api/modules/canary/versions.json
[Modules] No module updates available.
[Modules] Checking for host updates.
[Modules] Host is up to date.
[Modules] Checking for module updates at https://discordapp.com/api/modules/canary/versions.json
[Modules] No module updates available.
[Modules] Checking for host updates.
[Modules] Host is up to date.
[Modules] Checking for module updates at https://discordapp.com/api/modules/canary/versions.json
[Modules] Module update available: discord_desktop_core@7 [installed: 6]
[Modules] Module update available: discord_erlpack@7 [installed: 6]
[Modules] Module update available: discord_game_utils@7 [installed: 6]
[Modules] Module update available: discord_rpc@7 [installed: 6]
[Modules] Module update available: discord_utils@7 [installed: 6]
[Modules] Module update available: discord_voice@7 [installed: 6]
[Modules] Module update available: discord_contact_import@7 [installed: 6]
[Modules] Fetching discord_desktop_core@7 from https://discordapp.com/api/modules/canary/discord_desktop_core/7
[Modules] Streaming discord_desktop_core@7 [1798664 bytes] to /home/maximcoppieters/.config/discordcanary/0.0.45/modules/pending/discord_desktop_core-7.zip
[Modules] Fetching discord_erlpack@7 from https://discordapp.com/api/modules/canary/discord_erlpack/7
[Modules] Streaming discord_erlpack@7 [79596 bytes] to /home/maximcoppieters/.config/discordcanary/0.0.45/modules/pending/discord_erlpack-7.zip
[Modules] Fetching discord_game_utils@7 from https://discordapp.com/api/modules/canary/discord_game_utils/7
[Modules] Streaming discord_game_utils@7 [868848 bytes] to /home/maximcoppieters/.config/discordcanary/0.0.45/modules/pending/discord_game_utils-7.zip
[Modules] Fetching discord_rpc@7 from https://discordapp.com/api/modules/canary/discord_rpc/7
[Modules] Streaming discord_rpc@7 [466586 bytes] to /home/maximcoppieters/.config/discordcanary/0.0.45/modules/pending/discord_rpc-7.zip
[Modules] Fetching discord_utils@7 from https://discordapp.com/api/modules/canary/discord_utils/7
[Modules] Streaming discord_utils@7 [997452 bytes] to /home/maximcoppieters/.config/discordcanary/0.0.45/modules/pending/discord_utils-7.zip
[Modules] Fetching discord_voice@7 from https://discordapp.com/api/modules/canary/discord_voice/7
[Modules] Streaming discord_voice@7 [8019961 bytes] to /home/maximcoppieters/.config/discordcanary/0.0.45/modules/pending/discord_voice-7.zip
[Modules] Fetching discord_contact_import@7 from https://discordapp.com/api/modules/canary/discord_contact_import/7
[Modules] Streaming discord_contact_import@7 [3994606 bytes] to /home/maximcoppieters/.config/discordcanary/0.0.45/modules/pending/discord_contact_import-7.zip
[Modules] Finished module downloads. [success: 7] [failure: 0]
[Modules] Modules initializing
[Modules] Distribution: remote
[Modules] Host updates: enabled
[Modules] Module updates: enabled
[Modules] Module install path: /home/maximcoppieters/.config/discordcanary/0.0.45/modules
[Modules] Module installed file path: /home/maximcoppieters/.config/discordcanary/0.0.45/modules/installed.json
[Modules] Module download path: /home/maximcoppieters/.config/discordcanary/0.0.45/modules/pending
[Modules] Installing updates...
[Modules] Installing discord_desktop_core@7 from /home/maximcoppieters/.config/discordcanary/0.0.45/modules/pending/discord_desktop_core-7.zip
[Modules] Installing discord_erlpack@7 from /home/maximcoppieters/.config/discordcanary/0.0.45/modules/pending/discord_erlpack-7.zip
[Modules] Installing discord_game_utils@7 from /home/maximcoppieters/.config/discordcanary/0.0.45/modules/pending/discord_game_utils-7.zip
[Modules] Installing discord_rpc@7 from /home/maximcoppieters/.config/discordcanary/0.0.45/modules/pending/discord_rpc-7.zip
[Modules] Installing discord_utils@7 from /home/maximcoppieters/.config/discordcanary/0.0.45/modules/pending/discord_utils-7.zip
[Modules] Installing discord_voice@7 from /home/maximcoppieters/.config/discordcanary/0.0.45/modules/pending/discord_voice-7.zip
[Modules] Installing discord_contact_import@7 from /home/maximcoppieters/.config/discordcanary/0.0.45/modules/pending/discord_contact_import-7.zip
[Modules] Finished module installations. [success: 7] [failure: 0]
[Modules] Checking for host updates.
[Modules] Host is up to date.
[Modules] Checking for module updates at https://discordapp.com/api/modules/canary/versions.json
[Modules] Module update available: discord_desktop_core@11 [installed: 7]
[Modules] Module update available: discord_erlpack@11 [installed: 7]
[Modules] Module update available: discord_game_utils@11 [installed: 7]
[Modules] Module update available: discord_rpc@11 [installed: 7]
[Modules] Module update available: discord_utils@11 [installed: 7]
[Modules] Module update available: discord_voice@11 [installed: 7]
[Modules] Module update available: discord_contact_import@11 [installed: 7]
[Modules] Fetching discord_desktop_core@11 from https://discordapp.com/api/modules/canary/discord_desktop_core/11
[Modules] Streaming discord_desktop_core@11 [1798664 bytes] to /home/maximcoppieters/.config/discordcanary/0.0.45/modules/pending/discord_desktop_core-11.zip
[Modules] Fetching discord_erlpack@11 from https://discordapp.com/api/modules/canary/discord_erlpack/11
[Modules] Streaming discord_erlpack@11 [79596 bytes] to /home/maximcoppieters/.config/discordcanary/0.0.45/modules/pending/discord_erlpack-11.zip
[Modules] Fetching discord_game_utils@11 from https://discordapp.com/api/modules/canary/discord_game_utils/11
[Modules] Streaming discord_game_utils@11 [868848 bytes] to /home/maximcoppieters/.config/discordcanary/0.0.45/modules/pending/discord_game_utils-11.zip
[Modules] Fetching discord_rpc@11 from https://discordapp.com/api/modules/canary/discord_rpc/11
[Modules] Streaming discord_rpc@11 [466586 bytes] to /home/maximcoppieters/.config/discordcanary/0.0.45/modules/pending/discord_rpc-11.zip
[Modules] Fetching discord_utils@11 from https://discordapp.com/api/modules/canary/discord_utils/11
[Modules] Streaming discord_utils@11 [997452 bytes] to /home/maximcoppieters/.config/discordcanary/0.0.45/modules/pending/discord_utils-11.zip
[Modules] Fetching discord_voice@11 from https://discordapp.com/api/modules/canary/discord_voice/11
[Modules] Streaming discord_voice@11 [7893578 bytes] to /home/maximcoppieters/.config/discordcanary/0.0.45/modules/pending/discord_voice-11.zip
[Modules] Fetching discord_contact_import@11 from https://discordapp.com/api/modules/canary/discord_contact_import/11
[Modules] Streaming discord_contact_import@11 [3994606 bytes] to /home/maximcoppieters/.config/discordcanary/0.0.45/modules/pending/discord_contact_import-11.zip
[Modules] Finished module downloads. [success: 7] [failure: 0]
[Modules] Relaunching to install module updates...
[Modules] Modules initializing
[Modules] Distribution: remote
[Modules] Host updates: enabled
[Modules] Module updates: enabled
[Modules] Module install path: /home/maximcoppieters/.config/discordcanary/0.0.45/modules
[Modules] Module installed file path: /home/maximcoppieters/.config/discordcanary/0.0.45/modules/installed.json
[Modules] Module download path: /home/maximcoppieters/.config/discordcanary/0.0.45/modules/pending
[Modules] Installing updates...
[Modules] Installing discord_desktop_core@11 from /home/maximcoppieters/.config/discordcanary/0.0.45/modules/pending/discord_desktop_core-11.zip
[Modules] Installing discord_erlpack@11 from /home/maximcoppieters/.config/discordcanary/0.0.45/modules/pending/discord_erlpack-11.zip
[Modules] Installing discord_game_utils@11 from /home/maximcoppieters/.config/discordcanary/0.0.45/modules/pending/discord_game_utils-11.zip
[Modules] Installing discord_rpc@11 from /home/maximcoppieters/.config/discordcanary/0.0.45/modules/pending/discord_rpc-11.zip
[Modules] Installing discord_utils@11 from /home/maximcoppieters/.config/discordcanary/0.0.45/modules/pending/discord_utils-11.zip
[Modules] Installing discord_voice@11 from /home/maximcoppieters/.config/discordcanary/0.0.45/modules/pending/discord_voice-11.zip
[Modules] Installing discord_contact_import@11 from /home/maximcoppieters/.config/discordcanary/0.0.45/modules/pending/discord_contact_import-11.zip
[Modules] Finished module installations. [success: 7] [failure: 0]
[Modules] Checking for host updates.
[Modules] Host is up to date.
[Modules] Checking for module updates at https://discordapp.com/api/modules/canary/versions.json
[Modules] No module updates available.
[Modules] Checking for host updates.
[Modules] Host is up to date.
[Modules] Checking for module updates at https://discordapp.com/api/modules/canary/versions.json
[Modules] No module updates available.
[Modules] Checking for host updates.
[Modules] Host is up to date.
[Modules] Checking for module updates at https://discordapp.com/api/modules/canary/versions.json
[Modules] No module updates available.
[Modules] Checking for host updates.
[Modules] Host is up to date.
[Modules] Checking for module updates at https://discordapp.com/api/modules/canary/versions.json
[Modules] No module updates available.
[Modules] Checking for host updates.
[Modules] Host is up to date.
[Modules] Checking for module updates at https://discordapp.com/api/modules/canary/versions.json
[Modules] No module updates available.
[Modules] Checking for host updates.
[Modules] Host is up to date.
[Modules] Checking for module updates at https://discordapp.com/api/modules/canary/versions.json
[Modules] No module updates available.
[Modules] Checking for host updates.
[Modules] Host is up to date.
[Modules] Checking for module updates at https://discordapp.com/api/modules/canary/versions.json
[Modules] No module updates available.
[Modules] Checking for host updates.
[Modules] Host is up to date.
[Modules] Checking for module updates at https://discordapp.com/api/modules/canary/versions.json
[Modules] Module update available: discord_desktop_core@13 [installed: 11]
[Modules] Module update available: discord_erlpack@13 [installed: 11]
[Modules] Module update available: discord_game_utils@13 [installed: 11]
[Modules] Module update available: discord_rpc@13 [installed: 11]
[Modules] Module update available: discord_utils@13 [installed: 11]
[Modules] Module update available: discord_voice@13 [installed: 11]
[Modules] Module update available: discord_contact_import@13 [installed: 11]
[Modules] Fetching discord_desktop_core@13 from https://discordapp.com/api/modules/canary/discord_desktop_core/13
[Modules] Streaming discord_desktop_core@13 [1798664 bytes] to /home/maximcoppieters/.config/discordcanary/0.0.45/modules/pending/discord_desktop_core-13.zip
[Modules] Fetching discord_erlpack@13 from https://discordapp.com/api/modules/canary/discord_erlpack/13
[Modules] Streaming discord_erlpack@13 [79596 bytes] to /home/maximcoppieters/.config/discordcanary/0.0.45/modules/pending/discord_erlpack-13.zip
[Modules] Fetching discord_game_utils@13 from https://discordapp.com/api/modules/canary/discord_game_utils/13
[Modules] Streaming discord_game_utils@13 [868848 bytes] to /home/maximcoppieters/.config/discordcanary/0.0.45/modules/pending/discord_game_utils-13.zip
[Modules] Fetching discord_rpc@13 from https://discordapp.com/api/modules/canary/discord_rpc/13
[Modules] Streaming discord_rpc@13 [466586 bytes] to /home/maximcoppieters/.config/discordcanary/0.0.45/modules/pending/discord_rpc-13.zip
[Modules] Fetching discord_utils@13 from https://discordapp.com/api/modules/canary/discord_utils/13
[Modules] Streaming discord_utils@13 [997452 bytes] to /home/maximcoppieters/.config/discordcanary/0.0.45/modules/pending/discord_utils-13.zip
[Modules] Fetching discord_voice@13 from https://discordapp.com/api/modules/canary/discord_voice/13
[Modules] Streaming discord_voice@13 [7893578 bytes] to /home/maximcoppieters/.config/discordcanary/0.0.45/modules/pending/discord_voice-13.zip
[Modules] Fetching discord_contact_import@13 from https://discordapp.com/api/modules/canary/discord_contact_import/13
[Modules] Streaming discord_contact_import@13 [3994606 bytes] to /home/maximcoppieters/.config/discordcanary/0.0.45/modules/pending/discord_contact_import-13.zip
[Modules] Finished module downloads. [success: 7] [failure: 0]
[Modules] Modules initializing
[Modules] Distribution: remote
[Modules] Host updates: enabled
[Modules] Module updates: enabled
[Modules] Module install path: /home/maximcoppieters/.config/discordcanary/0.0.45/modules
[Modules] Module installed file path: /home/maximcoppieters/.config/discordcanary/0.0.45/modules/installed.json
[Modules] Module download path: /home/maximcoppieters/.config/discordcanary/0.0.45/modules/pending
[Modules] Installing updates...
[Modules] Installing discord_desktop_core@13 from /home/maximcoppieters/.config/discordcanary/0.0.45/modules/pending/discord_desktop_core-13.zip
[Modules] Installing discord_erlpack@13 from /home/maximcoppieters/.config/discordcanary/0.0.45/modules/pending/discord_erlpack-13.zip
[Modules] Installing discord_game_utils@13 from /home/maximcoppieters/.config/discordcanary/0.0.45/modules/pending/discord_game_utils-13.zip
[Modules] Installing discord_rpc@13 from /home/maximcoppieters/.config/discordcanary/0.0.45/modules/pending/discord_rpc-13.zip
[Modules] Installing discord_utils@13 from /home/maximcoppieters/.config/discordcanary/0.0.45/modules/pending/discord_utils-13.zip
[Modules] Installing discord_voice@13 from /home/maximcoppieters/.config/discordcanary/0.0.45/modules/pending/discord_voice-13.zip
[Modules] Installing discord_contact_import@13 from /home/maximcoppieters/.config/discordcanary/0.0.45/modules/pending/discord_contact_import-13.zip
[Modules] Finished module installations. [success: 7] [failure: 0]
[Modules] Checking for host updates.
[Modules] Host is up to date.
[Modules] Checking for module updates at https://discordapp.com/api/modules/canary/versions.json
[Modules] Module update available: discord_desktop_core@17 [installed: 13]
[Modules] Module update available: discord_erlpack@17 [installed: 13]
[Modules] Module update available: discord_game_utils@17 [installed: 13]
[Modules] Module update available: discord_rpc@17 [installed: 13]
[Modules] Module update available: discord_utils@17 [installed: 13]
[Modules] Module update available: discord_voice@17 [installed: 13]
[Modules] Module update available: discord_contact_import@17 [installed: 13]
[Modules] Fetching discord_desktop_core@17 from https://discordapp.com/api/modules/canary/discord_desktop_core/17
[Modules] Streaming discord_desktop_core@17 [1798664 bytes] to /home/maximcoppieters/.config/discordcanary/0.0.45/modules/pending/discord_desktop_core-17.zip
[Modules] Fetching discord_erlpack@17 from https://discordapp.com/api/modules/canary/discord_erlpack/17
[Modules] Streaming discord_erlpack@17 [79596 bytes] to /home/maximcoppieters/.config/discordcanary/0.0.45/modules/pending/discord_erlpack-17.zip
[Modules] Fetching discord_game_utils@17 from https://discordapp.com/api/modules/canary/discord_game_utils/17
[Modules] Streaming discord_game_utils@17 [868848 bytes] to /home/maximcoppieters/.config/discordcanary/0.0.45/modules/pending/discord_game_utils-17.zip
[Modules] Fetching discord_rpc@17 from https://discordapp.com/api/modules/canary/discord_rpc/17
[Modules] Streaming discord_rpc@17 [466586 bytes] to /home/maximcoppieters/.config/discordcanary/0.0.45/modules/pending/discord_rpc-17.zip
[Modules] Fetching discord_utils@17 from https://discordapp.com/api/modules/canary/discord_utils/17
[Modules] Streaming discord_utils@17 [997452 bytes] to /home/maximcoppieters/.config/discordcanary/0.0.45/modules/pending/discord_utils-17.zip
[Modules] Fetching discord_voice@17 from https://discordapp.com/api/modules/canary/discord_voice/17
[Modules] Streaming discord_voice@17 [7893507 bytes] to /home/maximcoppieters/.config/discordcanary/0.0.45/modules/pending/discord_voice-17.zip
[Modules] Fetching discord_contact_import@17 from https://discordapp.com/api/modules/canary/discord_contact_import/17
[Modules] Streaming discord_contact_import@17 [3994606 bytes] to /home/maximcoppieters/.config/discordcanary/0.0.45/modules/pending/discord_contact_import-17.zip
[Modules] Finished module downloads. [success: 7] [failure: 0]
[Modules] Relaunching to install module updates...
[Modules] Modules initializing
[Modules] Distribution: remote
[Modules] Host updates: enabled
[Modules] Module updates: enabled
[Modules] Module install path: /home/maximcoppieters/.config/discordcanary/0.0.45/modules
[Modules] Module installed file path: /home/maximcoppieters/.config/discordcanary/0.0.45/modules/installed.json
[Modules] Module download path: /home/maximcoppieters/.config/discordcanary/0.0.45/modules/pending
[Modules] Installing updates...
[Modules] Installing discord_desktop_core@17 from /home/maximcoppieters/.config/discordcanary/0.0.45/modules/pending/discord_desktop_core-17.zip
[Modules] Installing discord_erlpack@17 from /home/maximcoppieters/.config/discordcanary/0.0.45/modules/pending/discord_erlpack-17.zip
[Modules] Installing discord_game_utils@17 from /home/maximcoppieters/.config/discordcanary/0.0.45/modules/pending/discord_game_utils-17.zip
[Modules] Installing discord_rpc@17 from /home/maximcoppieters/.config/discordcanary/0.0.45/modules/pending/discord_rpc-17.zip
[Modules] Installing discord_utils@17 from /home/maximcoppieters/.config/discordcanary/0.0.45/modules/pending/discord_utils-17.zip
[Modules] Installing discord_voice@17 from /home/maximcoppieters/.config/discordcanary/0.0.45/modules/pending/discord_voice-17.zip
[Modules] Installing discord_contact_import@17 from /home/maximcoppieters/.config/discordcanary/0.0.45/modules/pending/discord_contact_import-17.zip
[Modules] Finished module installations. [success: 7] [failure: 0]
[Modules] Checking for host updates.
[Modules] Host is up to date.
[Modules] Checking for module updates at https://discordapp.com/api/modules/canary/versions.json
[Modules] No module updates available.
[Modules] Checking for host updates.
[Modules] Host is up to date.
[Modules] Checking for module updates at https://discordapp.com/api/modules/canary/versions.json
[Modules] No module updates available.
[Modules] Checking for host updates.
[Modules] Host is up to date.
[Modules] Checking for module updates at https://discordapp.com/api/modules/canary/versions.json
[Modules] No module updates available.
[Modules] Checking for host updates.
[Modules] Host is up to date.
[Modules] Checking for module updates at https://discordapp.com/api/modules/canary/versions.json
[Modules] No module updates available.
[Modules] Checking for host updates.
[Modules] Host is up to date.
[Modules] Checking for module updates at https://discordapp.com/api/modules/canary/versions.json
[Modules] No module updates available.
[Modules] Checking for host updates.
[Modules] Host is up to date.
[Modules] Checking for module updates at https://discordapp.com/api/modules/canary/versions.json
[Modules] No module updates available.
[Modules] Checking for host updates.
[Modules] Host is up to date.
[Modules] Checking for module updates at https://discordapp.com/api/modules/canary/versions.json
[Modules] No module updates available.
[Modules] Checking for host updates.
[Modules] Host is up to date.
[Modules] Checking for module updates at https://discordapp.com/api/modules/canary/versions.json
[Modules] No module updates available.
[Modules] Checking for host updates.
[Modules] Host is up to date.
[Modules] Checking for module updates at https://discordapp.com/api/modules/canary/versions.json
[Modules] No module updates available.
[Modules] Checking for host updates.
[Modules] Host is up to date.
[Modules] Checking for module updates at https://discordapp.com/api/modules/canary/versions.json
[Modules] No module updates available.
[Modules] Checking for host updates.
[Modules] Host is up to date.
[Modules] Checking for module updates at https://discordapp.com/api/modules/canary/versions.json
[Modules] No module updates available.
[Modules] Checking for host updates.
[Modules] Host is up to date.
[Modules] Checking for module updates at https://discordapp.com/api/modules/canary/versions.json
[Modules] No module updates available.
[Modules] Checking for host updates.
[Modules] Host is up to date.
[Modules] Checking for module updates at https://discordapp.com/api/modules/canary/versions.json
[Modules] No module updates available.
[Modules] Checking for host updates.
[Modules] Host is up to date.
[Modules] Checking for module updates at https://discordapp.com/api/modules/canary/versions.json
[Modules] No module updates available.
[Modules] Checking for host updates.
[Modules] Host is up to date.
[Modules] Checking for module updates at https://discordapp.com/api/modules/canary/versions.json
[Modules] Module update available: discord_desktop_core@18 [installed: 17]
[Modules] Module update available: discord_erlpack@18 [installed: 17]
[Modules] Module update available: discord_game_utils@18 [installed: 17]
[Modules] Module update available: discord_rpc@18 [installed: 17]
[Modules] Module update available: discord_utils@18 [installed: 17]
[Modules] Module update available: discord_voice@18 [installed: 17]
[Modules] Module update available: discord_contact_import@18 [installed: 17]
[Modules] Fetching discord_desktop_core@18 from https://discordapp.com/api/modules/canary/discord_desktop_core/18
[Modules] Streaming discord_desktop_core@18 [1798664 bytes] to /home/maximcoppieters/.config/discordcanary/0.0.45/modules/pending/discord_desktop_core-18.zip
[Modules] Fetching discord_erlpack@18 from https://discordapp.com/api/modules/canary/discord_erlpack/18
[Modules] Streaming discord_erlpack@18 [79596 bytes] to /home/maximcoppieters/.config/discordcanary/0.0.45/modules/pending/discord_erlpack-18.zip
[Modules] Fetching discord_game_utils@18 from https://discordapp.com/api/modules/canary/discord_game_utils/18
[Modules] Streaming discord_game_utils@18 [868848 bytes] to /home/maximcoppieters/.config/discordcanary/0.0.45/modules/pending/discord_game_utils-18.zip
[Modules] Fetching discord_rpc@18 from https://discordapp.com/api/modules/canary/discord_rpc/18
[Modules] Streaming discord_rpc@18 [466586 bytes] to /home/maximcoppieters/.config/discordcanary/0.0.45/modules/pending/discord_rpc-18.zip
[Modules] Fetching discord_utils@18 from https://discordapp.com/api/modules/canary/discord_utils/18
[Modules] Streaming discord_utils@18 [997452 bytes] to /home/maximcoppieters/.config/discordcanary/0.0.45/modules/pending/discord_utils-18.zip
[Modules] Fetching discord_voice@18 from https://discordapp.com/api/modules/canary/discord_voice/18
[Modules] Streaming discord_voice@18 [7893507 bytes] to /home/maximcoppieters/.config/discordcanary/0.0.45/modules/pending/discord_voice-18.zip
[Modules] Fetching discord_contact_import@18 from https://discordapp.com/api/modules/canary/discord_contact_import/18
[Modules] Streaming discord_contact_import@18 [3994606 bytes] to /home/maximcoppieters/.config/discordcanary/0.0.45/modules/pending/discord_contact_import-18.zip
[Modules] Finished module downloads. [success: 7] [failure: 0]
